


ARM Macro Assembler    Page 1 


    1 00000000         
    2 00000000         
    3 00000000                 EXPORT           TestAsmFloatingPoint
    4 00000000                 EXPORT           TestAsmFixedPoint
    5 00000000         
    6 00000000                 AREA             DATA, ALIGN=2
    7 00000000 00 00 00 
              00       T       SPACE            4
    8 00000004 00 00 00 
              00       N       SPACE            4
    9 00000008                 AREA             |.text|, CODE, READONLY, ALIGN=
2
   10 00000000                 THUMB
   11 00000000         
   12 00000000         ;Version 3 assembly floating point
   13 00000000         ;run with floating-point hardware active
   14 00000000         TestAsmFloatingPoint
   15 00000000 F04F 0000       MOV              R0,#0
   16 00000004 4918            LDR              R1,=N       ;pointer to N
   17 00000006 4A19            LDR              R2,=T       ;pointer to T
   18 00000008 EDDF 0A19       VLDR.F32         S1,=0.009768
   19 0000000C EEB2 1A04       VLDR.F32         S2,=10
   20 00000010 6008    loop3   STR              R0,[R1]     ; N is volatile
   21 00000012 EE00 0A10       VMOV.F32         S0,R0
   22 00000016 EEB8 0A40       VCVT.F32.U32     S0,S0       ; S0 has N
   23 0000001A EE20 0A20       VMUL.F32         S0,S0,S1    ; N*0.09768
   24 0000001E EE30 0A01       VADD.F32         S0,S0,S2    ; 10+N*0.0968
   25 00000022 ED82 0A00       VSTR.F32         S0,[R2]     ; T=10+N*0.0968
   26 00000026 F100 0001       ADD              R0,R0,#1
   27 0000002A F5B0 5F80       CMP              R0,#4096
   28 0000002E D1EF            BNE              loop3
   29 00000030 4770            BX               LR
   30 00000032         
   31 00000032         ;version 4, assembly fixed point
   32 00000032         TestAsmFixedPoint
   33 00000032 B570            PUSH             {R4,R5,R6,LR}
   34 00000034 F04F 0000       MOV              R0,#0
   35 00000038 490B            LDR              R1,=N       ;pointer to N
   36 0000003A 4A0C            LDR              R2,=T       ;pointer to T
   37 0000003C F04F 037D       MOV              R3,#125
   38 00000040 F04F 0440       MOV              R4,#64
   39 00000044 F44F 757A       MOV              R5,#1000
   40 00000048 6008    loop4   STR              R0,[R1]     ; N is volatile
   41 0000004A FB00 F603       MUL              R6,R0,R3    ; N*125
   42 0000004E 4426            ADD              R6,R6,R4    ; N*125+64
   43 00000050 EA4F 16D6       LSR              R6,R6,#7    ; (N*125+64)/128
   44 00000054 442E            ADD              R6,R6,R5    ; 1000+(N*125+64)/1
                                                            28
   45 00000056 6016            STR              R6,[R2]     ; T = 1000+(N*125+6
                                                            4)/128
   46 00000058 F100 0001       ADD              R0,R0,#1
   47 0000005C F5B0 5F80       CMP              R0,#4096
   48 00000060 D1F2            BNE              loop4
   49 00000062 BD70            POP              {R4,R5,R6,PC}
   50 00000064 4770            BX               LR
   51 00000066         
   52 00000066 00 00           ALIGN
   53 00000068                 END
              00000000 



ARM Macro Assembler    Page 2 


              00000000 
              3C2009F6 
Command Line: --debug --xref --cpu=Cortex-M4.fp --apcs=interwork --depend=.\fix
edvsfloattests.d -o.\fixedvsfloattests.o -IC:\Keil\ARM\RV31\INC -IC:\Keil\ARM\C
MSIS\Include -IC:\Keil\ARM\Inc\Luminary --predefine="__MICROLIB SETA 1" --list=
.\fixedvsfloattests.lst FixedVsFloatTests.s



ARM Macro Assembler    Page 1 Alphabetic symbol ordering
Relocatable symbols

DATA 00000000

Symbol: DATA
   Definitions
      At line 6 in file FixedVsFloatTests.s
   Uses
      None
Comment: DATA unused
N 00000004

Symbol: N
   Definitions
      At line 8 in file FixedVsFloatTests.s
   Uses
      At line 16 in file FixedVsFloatTests.s
      At line 35 in file FixedVsFloatTests.s

T 00000000

Symbol: T
   Definitions
      At line 7 in file FixedVsFloatTests.s
   Uses
      At line 17 in file FixedVsFloatTests.s
      At line 36 in file FixedVsFloatTests.s

3 symbols



ARM Macro Assembler    Page 1 Alphabetic symbol ordering
Relocatable symbols

.text 00000000

Symbol: .text
   Definitions
      At line 9 in file FixedVsFloatTests.s
   Uses
      None
Comment: .text unused
TestAsmFixedPoint 00000032

Symbol: TestAsmFixedPoint
   Definitions
      At line 32 in file FixedVsFloatTests.s
   Uses
      At line 4 in file FixedVsFloatTests.s
Comment: TestAsmFixedPoint used once
TestAsmFloatingPoint 00000000

Symbol: TestAsmFloatingPoint
   Definitions
      At line 14 in file FixedVsFloatTests.s
   Uses
      At line 3 in file FixedVsFloatTests.s
Comment: TestAsmFloatingPoint used once
loop3 00000010

Symbol: loop3
   Definitions
      At line 20 in file FixedVsFloatTests.s
   Uses
      At line 28 in file FixedVsFloatTests.s
Comment: loop3 used once
loop4 00000048

Symbol: loop4
   Definitions
      At line 40 in file FixedVsFloatTests.s
   Uses
      At line 48 in file FixedVsFloatTests.s
Comment: loop4 used once
5 symbols
342 symbols in table
